[2025-09-17 14:34:28] [INFO] api_test: token: 543fe65193864183a70ee8c3a7436a13 session.header:{'User-Agent': 'python-requests/2.32.5', 'Accept-Encoding': 'gzip, deflate', 'Accept': '*/*', 'Connection': 'keep-alive', 'Authorization': 'Bearer 543fe65193864183a70ee8c3a7436a13', 'Content-Type': 'application/json'}
[2025-09-17 14:34:28] [INFO] api_test: [HTTP] GET http://test01.gateway.fncjob.com:48080/admin-api/system/notice/getHomeNoticeList
[2025-09-17 14:34:28] [INFO] api_test: [HTTP] Headers: {'User-Agent': 'python-requests/2.32.5', 'Accept-Encoding': 'gzip, deflate', 'Accept': '*/*', 'Connection': 'keep-alive', 'Authorization': 'Bearer 543fe65193864183a70ee8c3a7436a13', 'Content-Type': 'application/json'}
[2025-09-17 14:34:28] [INFO] api_test: [HTTP] Status: 200
[2025-09-17 14:34:28] [INFO] api_test: [HTTP] Response: {"code":0,"data":[],"msg":""}
[2025-09-17 14:34:29] [INFO] api_test: token: f2bd3c92928841c4b74ceafb19ccb0eb session.header:{'User-Agent': 'python-requests/2.32.5', 'Accept-Encoding': 'gzip, deflate', 'Accept': '*/*', 'Connection': 'keep-alive', 'Authorization': 'Bearer f2bd3c92928841c4b74ceafb19ccb0eb', 'Content-Type': 'application/json'}
[2025-09-17 14:34:29] [INFO] api_test: [HTTP] GET http://test01.gateway.fncjob.com:48080/admin-api/system/notice/getHomeNoticeList
[2025-09-17 14:34:29] [INFO] api_test: [HTTP] Headers: {'User-Agent': 'python-requests/2.32.5', 'Accept-Encoding': 'gzip, deflate', 'Accept': '*/*', 'Connection': 'keep-alive', 'Authorization': 'Bearer f2bd3c92928841c4b74ceafb19ccb0eb', 'Content-Type': 'application/json'}
[2025-09-17 14:34:29] [INFO] api_test: [HTTP] Status: 200
[2025-09-17 14:34:29] [INFO] api_test: [HTTP] Response: {"code":0,"data":[],"msg":""}
[2025-09-17 14:34:29] [INFO] api_test: token: d103f918df784b6f99238a3584969c78 session.header:{'User-Agent': 'python-requests/2.32.5', 'Accept-Encoding': 'gzip, deflate', 'Accept': '*/*', 'Connection': 'keep-alive', 'Authorization': 'Bearer d103f918df784b6f99238a3584969c78', 'Content-Type': 'application/json'}
[2025-09-17 14:34:29] [INFO] api_test: [HTTP] GET http://test01.gateway.fncjob.com:48080/admin-api/job/weather/get
[2025-09-17 14:34:29] [INFO] api_test: [HTTP] Headers: {'User-Agent': 'python-requests/2.32.5', 'Accept-Encoding': 'gzip, deflate', 'Accept': '*/*', 'Connection': 'keep-alive', 'Authorization': 'Bearer d103f918df784b6f99238a3584969c78', 'Content-Type': 'application/json'}
[2025-09-17 14:34:29] [INFO] api_test: [HTTP] Status: 200
[2025-09-17 14:34:29] [INFO] api_test: [HTTP] Response: {"code":0,"data":{"city":"tokyo","temperature":"33.5","relativeHumidity":"65","weatherCode":"0","precipitation":"0.00"},"msg":""}
[2025-09-17 14:34:30] [INFO] api_test: token: fdfac51d18044515ab0ddbf0da0530f1 session.header:{'User-Agent': 'python-requests/2.32.5', 'Accept-Encoding': 'gzip, deflate', 'Accept': '*/*', 'Connection': 'keep-alive', 'Authorization': 'Bearer fdfac51d18044515ab0ddbf0da0530f1', 'Content-Type': 'application/json'}
[2025-09-17 14:34:30] [INFO] api_test: [HTTP] GET http://test01.gateway.fncjob.com:48080/admin-api/job/weather/get
[2025-09-17 14:34:30] [INFO] api_test: [HTTP] Headers: {'User-Agent': 'python-requests/2.32.5', 'Accept-Encoding': 'gzip, deflate', 'Accept': '*/*', 'Connection': 'keep-alive', 'Authorization': 'Bearer fdfac51d18044515ab0ddbf0da0530f1', 'Content-Type': 'application/json'}
[2025-09-17 14:34:30] [INFO] api_test: [HTTP] Status: 200
[2025-09-17 14:34:30] [INFO] api_test: [HTTP] Response: {"code":0,"data":{"city":"tokyo","temperature":"33.5","relativeHumidity":"65","weatherCode":"0","precipitation":"0.00"},"msg":""}
[2025-09-17 14:34:30] [INFO] api_test: token: a45654e35eae45ddb198903b497f6919 session.header:{'User-Agent': 'python-requests/2.32.5', 'Accept-Encoding': 'gzip, deflate', 'Accept': '*/*', 'Connection': 'keep-alive', 'Authorization': 'Bearer a45654e35eae45ddb198903b497f6919', 'Content-Type': 'application/json'}
[2025-09-17 14:34:30] [INFO] api_test: [HTTP] GET http://test01.gateway.fncjob.com:48080/admin-api/job/weather/get
[2025-09-17 14:34:30] [INFO] api_test: [HTTP] Headers: {'User-Agent': 'python-requests/2.32.5', 'Accept-Encoding': 'gzip, deflate', 'Accept': '*/*', 'Connection': 'keep-alive', 'Authorization': 'Bearer a45654e35eae45ddb198903b497f6919', 'Content-Type': 'application/json'}
[2025-09-17 14:34:30] [INFO] api_test: [HTTP] Status: 200
[2025-09-17 14:34:30] [INFO] api_test: [HTTP] Response: {"code":400,"data":null,"msg":"リクエストパラメータが不足しています: postalCode"}
[2025-09-17 14:34:30] [INFO] api_test: token: 34e70b576bf4449497cd4d5db5c360cf session.header:{'User-Agent': 'python-requests/2.32.5', 'Accept-Encoding': 'gzip, deflate', 'Accept': '*/*', 'Connection': 'keep-alive', 'Authorization': 'Bearer 34e70b576bf4449497cd4d5db5c360cf', 'Content-Type': 'application/json'}
[2025-09-17 14:34:30] [INFO] api_test: [HTTP] GET http://test01.gateway.fncjob.com:48080/admin-api/job/enterprise-home/homePageTopRight
[2025-09-17 14:34:30] [INFO] api_test: [HTTP] Headers: {'User-Agent': 'python-requests/2.32.5', 'Accept-Encoding': 'gzip, deflate', 'Accept': '*/*', 'Connection': 'keep-alive', 'Authorization': 'Bearer 34e70b576bf4449497cd4d5db5c360cf', 'Content-Type': 'application/json'}
[2025-09-17 14:34:31] [INFO] api_test: [HTTP] Status: 200
[2025-09-17 14:34:31] [INFO] api_test: [HTTP] Response: {"code":0,"data":[],"msg":""}
[2025-09-17 14:34:31] [INFO] api_test: token: 1cfe67b94f004983ab5a02f475675e8e session.header:{'User-Agent': 'python-requests/2.32.5', 'Accept-Encoding': 'gzip, deflate', 'Accept': '*/*', 'Connection': 'keep-alive', 'Authorization': 'Bearer 1cfe67b94f004983ab5a02f475675e8e', 'Content-Type': 'application/json'}
[2025-09-17 14:34:31] [INFO] api_test: [HTTP] GET http://test01.gateway.fncjob.com:48080/admin-api/system/areaManage/getAreasList
[2025-09-17 14:34:31] [INFO] api_test: [HTTP] Headers: {'User-Agent': 'python-requests/2.32.5', 'Accept-Encoding': 'gzip, deflate', 'Accept': '*/*', 'Connection': 'keep-alive', 'Authorization': 'Bearer 1cfe67b94f004983ab5a02f475675e8e', 'Content-Type': 'application/json'}
[2025-09-17 14:34:31] [INFO] api_test: [HTTP] Status: 200
[2025-09-17 14:34:31] [INFO] api_test: [HTTP] Response: {"code":0,"data":[{"areaId":1,"areaCode":"1","areaName":"北海道","languageCode":"ja"},{"areaId":2,"areaCode":"2","areaName":"東北","languageCode":"ja"},{"areaId":3,"areaCode":"3","areaName":"関東","languageCode":"ja"},{"areaId":4,"areaCode":"4","areaName":"中部","languageCode":"ja"},{"areaId":5,"areaCode":"5","areaName":"近畿","languageCode":"ja"},{"areaId":6,"areaCode":"6","areaName":"中国","languageCode":"ja"},{"areaId":7,"areaCode":"7","areaName":"四国","languageCode":"ja"},{"areaId":8,"areaCode":"8","areaName":"九州・沖縄","languageCode":"ja"}],"msg":""}
[2025-09-17 14:34:31] [INFO] api_test: token: 613ad271b60b4854a0e08358a4060b48 session.header:{'User-Agent': 'python-requests/2.32.5', 'Accept-Encoding': 'gzip, deflate', 'Accept': '*/*', 'Connection': 'keep-alive', 'Authorization': 'Bearer 613ad271b60b4854a0e08358a4060b48', 'Content-Type': 'application/json'}
[2025-09-17 14:34:31] [INFO] api_test: [HTTP] GET http://test01.gateway.fncjob.com:48080/admin-api/job/individual/getIndividualInfo
[2025-09-17 14:34:31] [INFO] api_test: [HTTP] Headers: {'User-Agent': 'python-requests/2.32.5', 'Accept-Encoding': 'gzip, deflate', 'Accept': '*/*', 'Connection': 'keep-alive', 'Authorization': 'Bearer 613ad271b60b4854a0e08358a4060b48', 'Content-Type': 'application/json'}
[2025-09-17 14:34:31] [INFO] api_test: [HTTP] Status: 200
[2025-09-17 14:34:31] [INFO] api_test: [HTTP] Response: {"code":0,"data":{"userId":"1967851018940895234","loginName":"testuser@api.com","individualLastName":"zhang","individualFirstName":"lei","individualLastNameKana":"ちょう","individualFirstNameKana":"れい","birthday":"2005-09-16","sex":"1","sexText":"男","country":"CN","countryText":"中国","phone":"07011822411","postCode":null,"address":null,"authenticationType":null,"reviewStatus":1,"reviewStatusText":"未认证","reviewResult":null,"personProfile":null,"resumeFile1":null,"resumeFile2":null,"emailDeliveryService":null,"certificationExpirationDate":null,"createTime":"2025-09-16 16:20:18","updateTime":"2025-09-16 16:20:18","deleted":0,"residenceCard":null,"myNumber":null,"passport":null,"residentRecord":null,"driverLicense":null,"weekly40HourEnabled":null},"msg":""}
[2025-09-17 14:34:32] [INFO] api_test: token: 5467ea29a8774959a44b06f3742c08cb session.header:{'User-Agent': 'python-requests/2.32.5', 'Accept-Encoding': 'gzip, deflate', 'Accept': '*/*', 'Connection': 'keep-alive', 'Authorization': 'Bearer 5467ea29a8774959a44b06f3742c08cb', 'Content-Type': 'application/json'}
[2025-09-17 14:34:32] [INFO] api_test: [HTTP] GET http://test01.gateway.fncjob.com:48080/admin-api/system/industry/getIndustryList
[2025-09-17 14:34:32] [INFO] api_test: [HTTP] Headers: {'User-Agent': 'python-requests/2.32.5', 'Accept-Encoding': 'gzip, deflate', 'Accept': '*/*', 'Connection': 'keep-alive', 'Authorization': 'Bearer 5467ea29a8774959a44b06f3742c08cb', 'Content-Type': 'application/json'}
[2025-09-17 14:34:32] [INFO] api_test: [HTTP] Status: 200
[2025-09-17 14:34:32] [INFO] api_test: [HTTP] Response: {"code":0,"data":[{"industryId":1,"industryName":"IT·通信業界","languageCode":"ja","remark":null},{"industryId":2,"industryName":"インターネット·広告·メディア業界","languageCode":"ja","remark":null},{"industryId":3,"industryName":"メーカー（機械·電気）業界","languageCode":"ja","remark":null},{"industryId":4,"industryName":"メーカー（素材·化学·食品·化粧品·その他）業界","languageCode":"ja","remark":null},{"industryId":5,"industryName":"商社業界","languageCode":"ja","remark":null},{"industryId":6,"industryName":"医薬品·医療機器·ライフサイエンス·医療系サービス業界","languageCode":"ja","remark":null},{"industryId":7,"industryName":"コンサルティング·リサーチ業界·専門事務所·監査法人·税理士法人","languageCode":"ja","remark":null},{"industryId":8,"industryName":"人材サービス·アウトソーシング業界·コールセンター","languageCode":"ja","remark":null},{"industryId":9,"industryName":"建設·プラント·不動産業界","languageCode":"ja","remark":null},{"industryId":10,"industryName":"金融業界","languageCode":"ja","remark":null},{"industryId":11,"industryName":"小売業界","languageCode":"ja","remark":null},{"industryId":12,"industryName":"エネルギー（電力·ガス·石油·新エネルギー）業界","languageCode":"ja","remark":null},{"industryId":13,"industryName":"外食産業·飲食業界","languageCode":"ja","remark":null},{"industryId":14,"industryName":"旅行·宿泊·レジャー業界","languageCode":"ja","remark":null},{"industryId":15,"industryName":"警備·清掃業界","languageCode":"ja","remark":null},{"industryId":16,"industryName":"運輸·物流業界","languageCode":"ja","remark":null},{"industryId":17,"industryName":"理容·美容·エステ業界","languageCode":"ja","remark":null},{"industryId":18,"industryName":"公社·官公庁·学校·研究施設","languageCode":"ja","remark":null},{"industryId":19,"industryName":"冠婚葬祭業界","languageCode":"ja","remark":null},{"industryId":20,"industryName":"教育業界","languageCode":"ja","remark":null},{"industryId":21,"industryName":"理容·美容·エステ業界","languageCode":"ja","remark":null},{"industryId":22,"industryName":"農林水産·鉱業","languageCode":"ja","remark":null},{"industryId":23,"industryName":"その他","languageCode":"ja","remark":null}],"msg":""}
